<?xml version="1.0" encoding="UTF-8"?>
<!-- Generated by org.testng.reporters.JUnitReportReporter -->
<testsuite hostname="IBM-GFT61F3" failures="0" tests="5" name="testngdemopack.TestSuiteExmaple" time="7.800" errors="0" timestamp="2024-03-19T07:09:55 IST" skipped="0">
  <testcase classname="testngdemopack.TestSuiteExmaple" name="openBrowser" time="1.962"/>
  <system-out/>
  <testcase classname="testngdemopack.TestSuiteExmaple" name="openGoogle" time="1.715"/>
  <system-out/>
  <testcase classname="testngdemopack.TestSuiteExmaple" name="openAmazon" time="1.367"/>
  <system-out/>
  <testcase classname="testngdemopack.TestSuiteExmaple" name="openFlipkart" time="2.465"/>
  <system-out/>
  <testcase classname="testngdemopack.TestSuiteExmaple" name="closeBrowser" time="0.291"/>
  <system-out/>
</testsuite> <!-- testngdemopack.TestSuiteExmaple -->
