<?xml version="1.0" encoding="UTF-8"?>
<!-- Generated by org.testng.reporters.JUnitReportReporter -->
<testsuite hostname="IBM-GFT61F3" failures="0" tests="6" name="testngdemopack.DemoTestng" time="0.015" errors="0" timestamp="2024-03-19T08:43:48 IST" skipped="0">
  <testcase classname="testngdemopack.DemoTestng" name="show4" time="0.007"/>
  <system-out/>
  <testcase classname="testngdemopack.DemoTestng" name="show3" time="0.002"/>
  <system-out/>
  <testcase classname="testngdemopack.DemoTestng" name="show2" time="0.003"/>
  <system-out/>
  <testcase classname="testngdemopack.DemoTestng" name="display" time="0.001"/>
  <system-out/>
  <testcase classname="testngdemopack.DemoTestng" name="show1" time="0.001"/>
  <system-out/>
  <testcase classname="testngdemopack.DemoTestng" name="show" time="0.001"/>
  <system-out/>
</testsuite> <!-- testngdemopack.DemoTestng -->
